[debug] [2021-07-13T14:18:57.680Z] ----------------------------------------------------------------------
[debug] [2021-07-13T14:18:57.682Z] Command:       J:\Programs\nodejs\node.exe C:\Users\mrsim\AppData\Roaming\npm\node_modules\firebase-tools\lib\bin\firebase.js init
[debug] [2021-07-13T14:18:57.682Z] CLI Version:   9.16.0
[debug] [2021-07-13T14:18:57.683Z] Platform:      win32
[debug] [2021-07-13T14:18:57.683Z] Node Version:  v14.16.0
[debug] [2021-07-13T14:18:57.683Z] Time:          Tue Jul 13 2021 17:18:57 GMT+0300 (Москва, стандартное время)
[debug] [2021-07-13T14:18:57.683Z] ----------------------------------------------------------------------
[debug] 
[debug] [2021-07-13T14:18:57.685Z] >>> [apiv2][query] GET https://firebase-public.firebaseio.com/cli.json [none]
[debug] [2021-07-13T14:18:57.702Z] > command requires scopes: ["email","openid","https://www.googleapis.com/auth/cloudplatformprojects.readonly","https://www.googleapis.com/auth/firebase","https://www.googleapis.com/auth/cloud-platform"]
[debug] [2021-07-13T14:18:57.702Z] > authorizing via signed-in user (mr.simokhin@gmail.com)
[info] 
     ######## #### ########  ######## ########     ###     ######  ########
     ##        ##  ##     ## ##       ##     ##  ##   ##  ##       ##
     ######    ##  ########  ######   ########  #########  ######  ######
     ##        ##  ##    ##  ##       ##     ## ##     ##       ## ##
     ##       #### ##     ## ######## ########  ##     ##  ######  ########

You're about to initialize a Firebase project in this directory:

  C:\Users\mrsim\Desktop\crmSystem\crm_financial\src

[debug] [2021-07-13T14:18:58.210Z] <<< [apiv2][status] GET https://firebase-public.firebaseio.com/cli.json 200
[debug] [2021-07-13T14:18:58.210Z] <<< [apiv2][body] GET https://firebase-public.firebaseio.com/cli.json {"cloudBuildErrorAfter":1594252800000,"cloudBuildWarnAfter":1590019200000,"defaultNode10After":1594252800000,"minVersion":"3.0.5","node8DeploysDisabledAfter":1613390400000,"node8RuntimeDisabledAfter":1615809600000,"node8WarnAfter":1600128000000}
